This file contains any messages produced by compilers while
running configure, to aid debugging if configure makes a mistake.

It was created by less configure 1, which was
generated by GNU Autoconf 2.54.  Invocation command line was

  $ ../less-394-src/configure --prefix=c:/progra~1/Less --srcdir=../less-394-src --with-regex=pcre --with-editor=ed.exe

## --------- ##
## Platform. ##
## --------- ##

hostname = gamma
uname -m = i686
uname -r = 1.5.18(0.132/4/2)
uname -s = CYGWIN_NT-5.1
uname -v = 2005-07-02 20:30

/usr/bin/uname -p = unknown
/bin/uname -X     = unknown

/bin/arch              = unknown
/usr/bin/arch -k       = unknown
/usr/convex/getsysinfo = unknown
hostinfo               = unknown
/bin/machine           = unknown
/usr/bin/oslevel       = unknown
/bin/universe          = unknown

PATH: /cygdrive/g/mingw/3.3.1/bin
PATH: /usr/bin
PATH: /usr/local/bin
PATH: /cygdrive/d/Util
PATH: /cygdrive/d/Program Files/GnuWin32/bin
PATH: /cygdrive/g/TeX/miktex/bin
PATH: /cygdrive/g/TeX/bin/win32
PATH: /cygdrive/c/WINDOWS/system32
PATH: /cygdrive/c/WINDOWS
PATH: /cygdrive/c/WINDOWS/System32/Wbem
PATH: /cygdrive/g/SFU/common/


## ----------- ##
## Core tests. ##
## ----------- ##

configure:1138: loading site script j:/config.site
| # These two variables are required, otherwise looking for
| # programs along the PATH will not work.
| PATH_SEPARATOR=:
| PATH_EXPAND=y
| PWD=`pwd.sh`
| 
| # This is required in for "test -f foo" to find foo.exe
| export TEST_FINDS_EXE=y
| 
| # Install programs
| INSTALL=${INSTALL:='/bin/install.exe -cp'}
| INSTALL_DATA=${INSTALL_DATA:='/bin/install.exe -cp'}
| INSTALL_PROGRAM=${INSTALL_PROGRAM:='/bin/install.exe -cp'}
| 
| # Do not detect fork even if a stub is provided
| ac_cv_func_fork=no
| ac_cv_func_vfork=no
| 
| ac_cv_func_fchdir=no
| 
| # Detect socket functions 
| ac_cv_func_gethostbyname=${ac_cv_func_gethostbyname:=yes}
| ac_cv_func_inet_ntoa=${ac_cv_func_inet_ntoa:=yes}
| ac_cv_func_gethostbyaddr=${ac_cv_func_gethostbyaddr:=yes}
| ac_cv_func_gethostname=${ac_cv_func_gethostname:=yes}
| ac_cv_func_connect=${ac_cv_func_connect:=yes}
| 
| ac_cv_func_ftruncate=${ac_cv_func_ftruncate:=yes}
| ac_cv_func_mkstemp=${ac_cv_func_mkstemp:=yes}
| ac_cv_var_tzname=${ac_cv_var_tzname:=yes}
| ac_cv_func_working_mktime=${ac_cv_func_working_mktime:=yes}
| 
| ac_cv_sys_file_offset_bits=${ac_cv_sys_file_offset_bits:=64}
| ac_cv_sys_large_files=${ac_cv_sys_large_files:=1}
| ac_cv_sys_largefile_source=${ac_cv_sys_largefile_source:=1}
| enable_largefile=${enable_largefile:=yes}
| 
| gl_cv_func_getcwd_null=${gl_cv_func_getcwd_null:=yes}
| gl_cv_func_chown_follows_symlink=${gl_cv_func_chown_follows_symlink:=yes}
| 
| # These are set here so the generated libtool will be good
| # for every installation, not only the one where the
| # package was configured.
| NM=${NM='nm'}
| LD=${LD='ld'}
| 
| # Force the test for 'ln -s' to report 'cp -fp'.
| ac_cv_prog_LN_S=${ac_cv_prog_LN_S:='cp -fp'}
| cl_cv_prog_LN=${cl_cv_prog_LN:='cp -fp'}
| cl_cv_prog_LN_S=${cl_cv_prog_LN_S:='cp -fp'}
| LN_S=${LN_S:='cp -fp'}
| LN=${LN:='cp -fp'}
| 
| ac_executable_extensions=${ac_executable_extensions:='.exe'}
| EXEEXT=${EXEEXT:='.exe'}
| EXE=${EXE:='.exe'}
| exeext=${exeext:='.exe'}
| 
| CC=${CC:=gcc}
| CXX=${CXX:=g++}
| #HOST_CC=gcc
| 
| GLIBCINCDIR=${GLIBCINCDIR=g:/glibc/include}
| if [ "$GLIBCINCDIR" != "" ]; then
| 	GLIBCINCL="-idirafter $GLIBCINCDIR"
| fi
| GNUWIN32DIR=${GNUWIN32DIR=D:/Progra~1/GnuWin32}
| if [ "$GNUWIN32DIR" != "" ]; then
| 	GNUWIN32INCL="-idirafter $GNUWIN32DIR/include"
| 	GNUWIN32LIBS="-lgw32c"
| 	GNUWIN32LIBDIR="-L$GNUWIN32DIR/lib"
| else
| 	enable_nls=no
| fi
| 
| STDEFS=${STDEFS=-D__GW32__ -D_LARGEFILE_SOURCE=1 -D_LARGEFILE64_SOURCE=1 -D_FILE_OFFSET_BITS=64}
| # -D__GTHREAD_HIDE_WIN32API
| DEFS=${DEFS= $STDEFS $DEFSPLUS }
| DEFINES=${DEFINES= $DEFS $DEFINESPLUS }
| INCLUDES=${INCLUDES= $INCLUDESPLUS $GNUWIN32INCL $GLIBCINCL }
| STCFLAGS=${STCFLAGS=-Wall -O3 -fms-extensions -mms-bitfields -fno-exceptions -fomit-frame-pointer -march=i386 -mcpu=i686 -ffast-math}
| CFLAGS=${CFLAGS= $STCFLAGS $CFLAGSPLUS }
| # -fnative-struct 
| 
| CXXFLAGS=${CXXFLAGS= $CFLAGS -fconserve-space -fno-rtti $CXXFLAGSPLUS }
| CPPFLAGS=${CPPFLAGS= $DEFS $INCLUDES $CPPFLAGSPLUS }
| 
| STLDFLAGS=${STLDFLAGS=-Wl,-s -Wl,--force-exe-suffix -Wl,--enable-auto-import -Wl,--enable-runtime-pseudo-reloc -Wl,--allow-multiple-definition -Wl,--enable-stdcall-fixup $GNUWIN32LIBDIR }
| LDFLAGS=${LDFLAGS= $STLDFLAGS $LDFLAGSPLUS }
| STLIBS=${STLIBS=$GNUWIN32LIBDIR $GNUWIN32LIBS  -liberty -lintl -liconv -lwsock32 -lole32 -luuid -lmsvcp60 }
| LIBS=${LIBS= -Wl,-s $LIBSPLUS $STLIBS }
| # 
| 
| host=${host:='i386-pc-mingw32'}
| build=${build:=$host}
| target=${target:=$host}
| host_alias=${host_alias:=$host}
| build_alias=${build_alias:=$build}
| target_alias=${target_alias:=$target}
| # The default values for transforming the program names cannot be the same
| # as the autoconf variables since these are set by configure before
| # config.site is read
| program_transform_name=${prog_transform_name:='s/i386-pc-mingw32//'}
| program_prefix=${prog_prefix:=''}
| program_suffix=${prog_suffix:=''}
| 
| # the following lines should ensure that NLS is used
| # by means of separate libintl instead of
| # the libintl provided with the package
| with_included_gettext=${with_included_gettext:=no}
| enable_nls=${enable_nls:=yes}
| nls_cv_use_gnu_gettext=${nls_cv_use_gnu_gettext:=yes}
| USE_NLS=${USE_NLS:=yes}
| LIBINTL=${LIBINTL:=' -lintl '}
| LTLIBINTL=${LTLIBINTL:=' -lintl '}
| BUILD_INCLUDED_LIBINTL=${BUILD_INCLUDED_LIBINTL:=no}
| USE_INCLUDED_LIBINTL=${USE_INCLUDED_LIBINTL:=no}
| 
| test "$prefix" = NONE && prefix=$PACKAGE_TARNAME
| prefix=${prefix:=c:/progra~1/GnuWin32}
configure:1296: checking for gcc
configure:1322: result: gcc
configure:1564: checking for C compiler version
configure:1567: gcc --version </dev/null >&5
gcc.exe (GCC) 3.3.1 (mingw special 20030804-1)
Copyright (C) 2003 Free Software Foundation, Inc.
This is free software; see the source for copying conditions.  There is NO
warranty; not even for MERCHANTABILITY or FITNESS FOR A PARTICULAR PURPOSE.

configure:1570: $? = 0
configure:1572: gcc -v </dev/null >&5
Reading specs from g:/mingw/3.3.1/bin/../lib/gcc-lib/mingw32/3.3.1/specs
Configured with: ../gcc/configure --with-gcc --with-gnu-ld --with-gnu-as --host=mingw32 --target=mingw32 --prefix=/mingw --enable-threads --disable-nls --enable-languages=c,c++,f77,objc,ada,java --disable-win32-registry --disable-shared --enable-sjlj-exceptions --enable-libgcj --disable-java-awt --without-x --enable-java-gc=boehm --disable-libgcj-debug --enable-interpreter --enable-hash-synchronization
Thread model: win32
gcc version 3.3.1 (mingw special 20030804-1)
configure:1575: $? = 0
configure:1577: gcc -V </dev/null >&5
gcc.exe: `-V' option must have argument
configure:1580: $? = 1
configure:1600: checking for C compiler default output
configure:1603: gcc  -Wall -O3 -fms-extensions -mms-bitfields -fno-exceptions -fomit-frame-pointer -march=i386 -mcpu=i686 -ffast-math     -D__GW32__ -D_LARGEFILE_SOURCE=1 -D_LARGEFILE64_SOURCE=1 -D_FILE_OFFSET_BITS=64 -DWIN32 -D_MSC_VER=1 -DMSDOS_COMPILER=WIN32C     -idirafter D:/Progra~1/GnuWin32/include -idirafter g:/glibc/include     -Wl,-s -Wl,--force-exe-suffix -Wl,--enable-auto-import -Wl,--enable-runtime-pseudo-reloc -Wl,--allow-multiple-definition -Wl,--enable-stdcall-fixup -LD:/Progra~1/GnuWin32/lib    conftest.c  -Wl,-s  -LD:/Progra~1/GnuWin32/lib -lgw32c  -liberty -lintl -liconv -lwsock32 -lole32 -luuid -lmsvcp60   >&5
configure:1606: $? = 0
configure:1640: result: a.exe
configure:1645: checking whether the C compiler works
configure:1651: ./a.exe
configure:1654: $? = 0
configure:1669: result: yes
configure:1676: checking whether we are cross compiling
configure:1678: result: no
configure:1681: checking for suffix of executables
configure:1683: gcc -o conftest.exe  -Wall -O3 -fms-extensions -mms-bitfields -fno-exceptions -fomit-frame-pointer -march=i386 -mcpu=i686 -ffast-math     -D__GW32__ -D_LARGEFILE_SOURCE=1 -D_LARGEFILE64_SOURCE=1 -D_FILE_OFFSET_BITS=64 -DWIN32 -D_MSC_VER=1 -DMSDOS_COMPILER=WIN32C     -idirafter D:/Progra~1/GnuWin32/include -idirafter g:/glibc/include     -Wl,-s -Wl,--force-exe-suffix -Wl,--enable-auto-import -Wl,--enable-runtime-pseudo-reloc -Wl,--allow-multiple-definition -Wl,--enable-stdcall-fixup -LD:/Progra~1/GnuWin32/lib    conftest.c  -Wl,-s  -LD:/Progra~1/GnuWin32/lib -lgw32c  -liberty -lintl -liconv -lwsock32 -lole32 -luuid -lmsvcp60   >&5
configure:1686: $? = 0
configure:1709: result: .exe
configure:1715: checking for suffix of object files
configure:1733: gcc -c  -Wall -O3 -fms-extensions -mms-bitfields -fno-exceptions -fomit-frame-pointer -march=i386 -mcpu=i686 -ffast-math     -D__GW32__ -D_LARGEFILE_SOURCE=1 -D_LARGEFILE64_SOURCE=1 -D_FILE_OFFSET_BITS=64 -DWIN32 -D_MSC_VER=1 -DMSDOS_COMPILER=WIN32C     -idirafter D:/Progra~1/GnuWin32/include -idirafter g:/glibc/include    conftest.c >&5
configure:1736: $? = 0
configure:1755: result: o
configure:1759: checking whether we are using the GNU C compiler
configure:1780: gcc -c  -Wall -O3 -fms-extensions -mms-bitfields -fno-exceptions -fomit-frame-pointer -march=i386 -mcpu=i686 -ffast-math     -D__GW32__ -D_LARGEFILE_SOURCE=1 -D_LARGEFILE64_SOURCE=1 -D_FILE_OFFSET_BITS=64 -DWIN32 -D_MSC_VER=1 -DMSDOS_COMPILER=WIN32C     -idirafter D:/Progra~1/GnuWin32/include -idirafter g:/glibc/include    conftest.c >&5
configure:1783: $? = 0
configure:1786: test -s conftest.o
configure:1789: $? = 0
configure:1801: result: yes
configure:1807: checking whether gcc accepts -g
configure:1825: gcc -c -g   -D__GW32__ -D_LARGEFILE_SOURCE=1 -D_LARGEFILE64_SOURCE=1 -D_FILE_OFFSET_BITS=64 -DWIN32 -D_MSC_VER=1 -DMSDOS_COMPILER=WIN32C     -idirafter D:/Progra~1/GnuWin32/include -idirafter g:/glibc/include    conftest.c >&5
configure:1828: $? = 0
configure:1831: test -s conftest.o
configure:1834: $? = 0
configure:1844: result: yes
configure:1861: checking for gcc option to accept ANSI C
configure:1918: gcc  -c  -Wall -O3 -fms-extensions -mms-bitfields -fno-exceptions -fomit-frame-pointer -march=i386 -mcpu=i686 -ffast-math     -D__GW32__ -D_LARGEFILE_SOURCE=1 -D_LARGEFILE64_SOURCE=1 -D_FILE_OFFSET_BITS=64 -DWIN32 -D_MSC_VER=1 -DMSDOS_COMPILER=WIN32C     -idirafter D:/Progra~1/GnuWin32/include -idirafter g:/glibc/include    conftest.c >&5
configure:1921: $? = 0
configure:1924: test -s conftest.o
configure:1927: $? = 0
configure:1944: result: none needed
configure:1962: gcc -c  -Wall -O3 -fms-extensions -mms-bitfields -fno-exceptions -fomit-frame-pointer -march=i386 -mcpu=i686 -ffast-math     -D__GW32__ -D_LARGEFILE_SOURCE=1 -D_LARGEFILE64_SOURCE=1 -D_FILE_OFFSET_BITS=64 -DWIN32 -D_MSC_VER=1 -DMSDOS_COMPILER=WIN32C     -idirafter D:/Progra~1/GnuWin32/include -idirafter g:/glibc/include    conftest.c >&5
conftest.c:2: error: parse error before "me"
configure:1965: $? = 1
configure: failed program was:
#ifndef __cplusplus
  choke me
#endif
configure:2064: checking for library containing strerror
configure:2091: gcc -o conftest.exe  -Wall -O3 -fms-extensions -mms-bitfields -fno-exceptions -fomit-frame-pointer -march=i386 -mcpu=i686 -ffast-math     -D__GW32__ -D_LARGEFILE_SOURCE=1 -D_LARGEFILE64_SOURCE=1 -D_FILE_OFFSET_BITS=64 -DWIN32 -D_MSC_VER=1 -DMSDOS_COMPILER=WIN32C     -idirafter D:/Progra~1/GnuWin32/include -idirafter g:/glibc/include     -Wl,-s -Wl,--force-exe-suffix -Wl,--enable-auto-import -Wl,--enable-runtime-pseudo-reloc -Wl,--allow-multiple-definition -Wl,--enable-stdcall-fixup -LD:/Progra~1/GnuWin32/lib    conftest.c  -Wl,-s  -LD:/Progra~1/GnuWin32/lib -lgw32c  -liberty -lintl -liconv -lwsock32 -lole32 -luuid -lmsvcp60   >&5
configure:2094: $? = 0
configure:2097: test -s conftest.exe
configure:2100: $? = 0
configure:2153: result: none required
configure:2165: checking how to run the C preprocessor
configure:2191: gcc -E   -D__GW32__ -D_LARGEFILE_SOURCE=1 -D_LARGEFILE64_SOURCE=1 -D_FILE_OFFSET_BITS=64 -DWIN32 -D_MSC_VER=1 -DMSDOS_COMPILER=WIN32C     -idirafter D:/Progra~1/GnuWin32/include -idirafter g:/glibc/include    conftest.c
configure:2197: $? = 0
configure:2224: gcc -E   -D__GW32__ -D_LARGEFILE_SOURCE=1 -D_LARGEFILE64_SOURCE=1 -D_FILE_OFFSET_BITS=64 -DWIN32 -D_MSC_VER=1 -DMSDOS_COMPILER=WIN32C     -idirafter D:/Progra~1/GnuWin32/include -idirafter g:/glibc/include    conftest.c
configure:2220:28: ac_nonexistent.h: No such file or directory
configure:2230: $? = 1
configure: failed program was:
#line 2219 "configure"
#include "confdefs.h"
#include <ac_nonexistent.h>
configure:2267: result: gcc -E
configure:2282: gcc -E   -D__GW32__ -D_LARGEFILE_SOURCE=1 -D_LARGEFILE64_SOURCE=1 -D_FILE_OFFSET_BITS=64 -DWIN32 -D_MSC_VER=1 -DMSDOS_COMPILER=WIN32C     -idirafter D:/Progra~1/GnuWin32/include -idirafter g:/glibc/include    conftest.c
configure:2288: $? = 0
configure:2315: gcc -E   -D__GW32__ -D_LARGEFILE_SOURCE=1 -D_LARGEFILE64_SOURCE=1 -D_FILE_OFFSET_BITS=64 -DWIN32 -D_MSC_VER=1 -DMSDOS_COMPILER=WIN32C     -idirafter D:/Progra~1/GnuWin32/include -idirafter g:/glibc/include    conftest.c
configure:2311:28: ac_nonexistent.h: No such file or directory
configure:2321: $? = 1
configure: failed program was:
#line 2310 "configure"
#include "confdefs.h"
#include <ac_nonexistent.h>
configure:2361: checking for egrep
configure:2371: result: grep -E
configure:2377: checking whether gcc needs -traditional
configure:2400:20: termio.h: No such file or directory
configure:2413: result: no
configure:2457: checking for a BSD-compatible install
configure:2511: result: /bin/install.exe -cp
configure:2531: checking for special C compiler options needed for large files
configure:2605: result: no
configure:2611: checking for _FILE_OFFSET_BITS value needed for large files
configure:2698: result: 64
configure:2708: checking for _LARGE_FILES value needed for large files
configure:2795: result: 1
configure:2809: checking for initscr in -lxcurses
configure:2836: gcc -o conftest.exe  -Wall -O3 -fms-extensions -mms-bitfields -fno-exceptions -fomit-frame-pointer -march=i386 -mcpu=i686 -ffast-math     -D__GW32__ -D_LARGEFILE_SOURCE=1 -D_LARGEFILE64_SOURCE=1 -D_FILE_OFFSET_BITS=64 -DWIN32 -D_MSC_VER=1 -DMSDOS_COMPILER=WIN32C     -idirafter D:/Progra~1/GnuWin32/include -idirafter g:/glibc/include     -Wl,-s -Wl,--force-exe-suffix -Wl,--enable-auto-import -Wl,--enable-runtime-pseudo-reloc -Wl,--allow-multiple-definition -Wl,--enable-stdcall-fixup -LD:/Progra~1/GnuWin32/lib    conftest.c -lxcurses   -Wl,-s  -LD:/Progra~1/GnuWin32/lib -lgw32c  -liberty -lintl -liconv -lwsock32 -lole32 -luuid -lmsvcp60   >&5
g:\mingw\3.3.1\bin\..\lib\gcc-lib\mingw32\3.3.1\..\..\..\..\mingw32\bin\ld.exe: cannot find -lxcurses
configure:2839: $? = 1
configure: failed program was:
#line 2816 "configure"
#include "confdefs.h"

/* Override any gcc2 internal prototype to avoid an error.  */
#ifdef __cplusplus
extern "C"
#endif
/* We use char because int might match the return type of a gcc2
   builtin and then its argument prototype would still apply.  */
char initscr ();
int
main ()
{
initscr ();
  ;
  return 0;
}
configure:2856: result: no
configure:2864: checking for initscr in -lncursesw
configure:2891: gcc -o conftest.exe  -Wall -O3 -fms-extensions -mms-bitfields -fno-exceptions -fomit-frame-pointer -march=i386 -mcpu=i686 -ffast-math     -D__GW32__ -D_LARGEFILE_SOURCE=1 -D_LARGEFILE64_SOURCE=1 -D_FILE_OFFSET_BITS=64 -DWIN32 -D_MSC_VER=1 -DMSDOS_COMPILER=WIN32C     -idirafter D:/Progra~1/GnuWin32/include -idirafter g:/glibc/include     -Wl,-s -Wl,--force-exe-suffix -Wl,--enable-auto-import -Wl,--enable-runtime-pseudo-reloc -Wl,--allow-multiple-definition -Wl,--enable-stdcall-fixup -LD:/Progra~1/GnuWin32/lib    conftest.c -lncursesw   -Wl,-s  -LD:/Progra~1/GnuWin32/lib -lgw32c  -liberty -lintl -liconv -lwsock32 -lole32 -luuid -lmsvcp60   >&5
g:\mingw\3.3.1\bin\..\lib\gcc-lib\mingw32\3.3.1\..\..\..\..\mingw32\bin\ld.exe: cannot find -lncursesw
configure:2894: $? = 1
configure: failed program was:
#line 2871 "configure"
#include "confdefs.h"

/* Override any gcc2 internal prototype to avoid an error.  */
#ifdef __cplusplus
extern "C"
#endif
/* We use char because int might match the return type of a gcc2
   builtin and then its argument prototype would still apply.  */
char initscr ();
int
main ()
{
initscr ();
  ;
  return 0;
}
configure:2911: result: no
configure:2919: checking for initscr in -lncurses
configure:2946: gcc -o conftest.exe  -Wall -O3 -fms-extensions -mms-bitfields -fno-exceptions -fomit-frame-pointer -march=i386 -mcpu=i686 -ffast-math     -D__GW32__ -D_LARGEFILE_SOURCE=1 -D_LARGEFILE64_SOURCE=1 -D_FILE_OFFSET_BITS=64 -DWIN32 -D_MSC_VER=1 -DMSDOS_COMPILER=WIN32C     -idirafter D:/Progra~1/GnuWin32/include -idirafter g:/glibc/include     -Wl,-s -Wl,--force-exe-suffix -Wl,--enable-auto-import -Wl,--enable-runtime-pseudo-reloc -Wl,--allow-multiple-definition -Wl,--enable-stdcall-fixup -LD:/Progra~1/GnuWin32/lib    conftest.c -lncurses   -Wl,-s  -LD:/Progra~1/GnuWin32/lib -lgw32c  -liberty -lintl -liconv -lwsock32 -lole32 -luuid -lmsvcp60   >&5
g:\mingw\3.3.1\bin\..\lib\gcc-lib\mingw32\3.3.1\..\..\..\..\mingw32\bin\ld.exe: cannot find -lncurses
configure:2949: $? = 1
configure: failed program was:
#line 2926 "configure"
#include "confdefs.h"

/* Override any gcc2 internal prototype to avoid an error.  */
#ifdef __cplusplus
extern "C"
#endif
/* We use char because int might match the return type of a gcc2
   builtin and then its argument prototype would still apply.  */
char initscr ();
int
main ()
{
initscr ();
  ;
  return 0;
}
configure:2966: result: no
configure:2974: checking for initscr in -lcurses
configure:3001: gcc -o conftest.exe  -Wall -O3 -fms-extensions -mms-bitfields -fno-exceptions -fomit-frame-pointer -march=i386 -mcpu=i686 -ffast-math     -D__GW32__ -D_LARGEFILE_SOURCE=1 -D_LARGEFILE64_SOURCE=1 -D_FILE_OFFSET_BITS=64 -DWIN32 -D_MSC_VER=1 -DMSDOS_COMPILER=WIN32C     -idirafter D:/Progra~1/GnuWin32/include -idirafter g:/glibc/include     -Wl,-s -Wl,--force-exe-suffix -Wl,--enable-auto-import -Wl,--enable-runtime-pseudo-reloc -Wl,--allow-multiple-definition -Wl,--enable-stdcall-fixup -LD:/Progra~1/GnuWin32/lib    conftest.c -lcurses   -Wl,-s  -LD:/Progra~1/GnuWin32/lib -lgw32c  -liberty -lintl -liconv -lwsock32 -lole32 -luuid -lmsvcp60   >&5
configure:3004: $? = 0
configure:3007: test -s conftest.exe
configure:3010: $? = 0
configure:3021: result: yes
configure:3029: checking for tgetent in -ltermcap
configure:3056: gcc -o conftest.exe  -Wall -O3 -fms-extensions -mms-bitfields -fno-exceptions -fomit-frame-pointer -march=i386 -mcpu=i686 -ffast-math     -D__GW32__ -D_LARGEFILE_SOURCE=1 -D_LARGEFILE64_SOURCE=1 -D_FILE_OFFSET_BITS=64 -DWIN32 -D_MSC_VER=1 -DMSDOS_COMPILER=WIN32C     -idirafter D:/Progra~1/GnuWin32/include -idirafter g:/glibc/include     -Wl,-s -Wl,--force-exe-suffix -Wl,--enable-auto-import -Wl,--enable-runtime-pseudo-reloc -Wl,--allow-multiple-definition -Wl,--enable-stdcall-fixup -LD:/Progra~1/GnuWin32/lib    conftest.c -ltermcap   -Wl,-s  -LD:/Progra~1/GnuWin32/lib -lgw32c  -liberty -lintl -liconv -lwsock32 -lole32 -luuid -lmsvcp60   >&5
configure:3059: $? = 0
configure:3062: test -s conftest.exe
configure:3065: $? = 0
configure:3076: result: yes
configure:3084: checking for tgetent in -ltermlib
configure:3111: gcc -o conftest.exe  -Wall -O3 -fms-extensions -mms-bitfields -fno-exceptions -fomit-frame-pointer -march=i386 -mcpu=i686 -ffast-math     -D__GW32__ -D_LARGEFILE_SOURCE=1 -D_LARGEFILE64_SOURCE=1 -D_FILE_OFFSET_BITS=64 -DWIN32 -D_MSC_VER=1 -DMSDOS_COMPILER=WIN32C     -idirafter D:/Progra~1/GnuWin32/include -idirafter g:/glibc/include     -Wl,-s -Wl,--force-exe-suffix -Wl,--enable-auto-import -Wl,--enable-runtime-pseudo-reloc -Wl,--allow-multiple-definition -Wl,--enable-stdcall-fixup -LD:/Progra~1/GnuWin32/lib    conftest.c -ltermlib   -Wl,-s  -LD:/Progra~1/GnuWin32/lib -lgw32c  -liberty -lintl -liconv -lwsock32 -lole32 -luuid -lmsvcp60   >&5
g:\mingw\3.3.1\bin\..\lib\gcc-lib\mingw32\3.3.1\..\..\..\..\mingw32\bin\ld.exe: cannot find -ltermlib
configure:3114: $? = 1
configure: failed program was:
#line 3091 "configure"
#include "confdefs.h"

/* Override any gcc2 internal prototype to avoid an error.  */
#ifdef __cplusplus
extern "C"
#endif
/* We use char because int might match the return type of a gcc2
   builtin and then its argument prototype would still apply.  */
char tgetent ();
int
main ()
{
tgetent ();
  ;
  return 0;
}
configure:3131: result: no
configure:3142: checking for regcmp in -lgen
configure:3169: gcc -o conftest.exe  -Wall -O3 -fms-extensions -mms-bitfields -fno-exceptions -fomit-frame-pointer -march=i386 -mcpu=i686 -ffast-math     -D__GW32__ -D_LARGEFILE_SOURCE=1 -D_LARGEFILE64_SOURCE=1 -D_FILE_OFFSET_BITS=64 -DWIN32 -D_MSC_VER=1 -DMSDOS_COMPILER=WIN32C     -idirafter D:/Progra~1/GnuWin32/include -idirafter g:/glibc/include     -Wl,-s -Wl,--force-exe-suffix -Wl,--enable-auto-import -Wl,--enable-runtime-pseudo-reloc -Wl,--allow-multiple-definition -Wl,--enable-stdcall-fixup -LD:/Progra~1/GnuWin32/lib    conftest.c -lgen   -Wl,-s  -LD:/Progra~1/GnuWin32/lib -lgw32c  -liberty -lintl -liconv -lwsock32 -lole32 -luuid -lmsvcp60   >&5
g:\mingw\3.3.1\bin\..\lib\gcc-lib\mingw32\3.3.1\..\..\..\..\mingw32\bin\ld.exe: cannot find -lgen
configure:3172: $? = 1
configure: failed program was:
#line 3149 "configure"
#include "confdefs.h"

/* Override any gcc2 internal prototype to avoid an error.  */
#ifdef __cplusplus
extern "C"
#endif
/* We use char because int might match the return type of a gcc2
   builtin and then its argument prototype would still apply.  */
char regcmp ();
int
main ()
{
regcmp ();
  ;
  return 0;
}
configure:3189: result: no
configure:3201: checking for regcmp in -lintl
configure:3228: gcc -o conftest.exe  -Wall -O3 -fms-extensions -mms-bitfields -fno-exceptions -fomit-frame-pointer -march=i386 -mcpu=i686 -ffast-math     -D__GW32__ -D_LARGEFILE_SOURCE=1 -D_LARGEFILE64_SOURCE=1 -D_FILE_OFFSET_BITS=64 -DWIN32 -D_MSC_VER=1 -DMSDOS_COMPILER=WIN32C     -idirafter D:/Progra~1/GnuWin32/include -idirafter g:/glibc/include     -Wl,-s -Wl,--force-exe-suffix -Wl,--enable-auto-import -Wl,--enable-runtime-pseudo-reloc -Wl,--allow-multiple-definition -Wl,--enable-stdcall-fixup -LD:/Progra~1/GnuWin32/lib    conftest.c -lintl   -Wl,-s  -LD:/Progra~1/GnuWin32/lib -lgw32c  -liberty -lintl -liconv -lwsock32 -lole32 -luuid -lmsvcp60   >&5
l:\TEMP/cc4obaaa.o(.text+0x16):conftest.c: undefined reference to `regcmp'
configure:3231: $? = 1
configure: failed program was:
#line 3208 "configure"
#include "confdefs.h"

/* Override any gcc2 internal prototype to avoid an error.  */
#ifdef __cplusplus
extern "C"
#endif
/* We use char because int might match the return type of a gcc2
   builtin and then its argument prototype would still apply.  */
char regcmp ();
int
main ()
{
regcmp ();
  ;
  return 0;
}
configure:3248: result: no
configure:3260: checking for regcmp in -lPW
configure:3287: gcc -o conftest.exe  -Wall -O3 -fms-extensions -mms-bitfields -fno-exceptions -fomit-frame-pointer -march=i386 -mcpu=i686 -ffast-math     -D__GW32__ -D_LARGEFILE_SOURCE=1 -D_LARGEFILE64_SOURCE=1 -D_FILE_OFFSET_BITS=64 -DWIN32 -D_MSC_VER=1 -DMSDOS_COMPILER=WIN32C     -idirafter D:/Progra~1/GnuWin32/include -idirafter g:/glibc/include     -Wl,-s -Wl,--force-exe-suffix -Wl,--enable-auto-import -Wl,--enable-runtime-pseudo-reloc -Wl,--allow-multiple-definition -Wl,--enable-stdcall-fixup -LD:/Progra~1/GnuWin32/lib    conftest.c -lPW   -Wl,-s  -LD:/Progra~1/GnuWin32/lib -lgw32c  -liberty -lintl -liconv -lwsock32 -lole32 -luuid -lmsvcp60   >&5
g:\mingw\3.3.1\bin\..\lib\gcc-lib\mingw32\3.3.1\..\..\..\..\mingw32\bin\ld.exe: cannot find -lPW
configure:3290: $? = 1
configure: failed program was:
#line 3267 "configure"
#include "confdefs.h"

/* Override any gcc2 internal prototype to avoid an error.  */
#ifdef __cplusplus
extern "C"
#endif
/* We use char because int might match the return type of a gcc2
   builtin and then its argument prototype would still apply.  */
char regcmp ();
int
main ()
{
regcmp ();
  ;
  return 0;
}
configure:3307: result: no
configure:3320: checking for working terminal libraries
configure:3480: gcc -o conftest.exe  -Wall -O3 -fms-extensions -mms-bitfields -fno-exceptions -fomit-frame-pointer -march=i386 -mcpu=i686 -ffast-math     -D__GW32__ -D_LARGEFILE_SOURCE=1 -D_LARGEFILE64_SOURCE=1 -D_FILE_OFFSET_BITS=64 -DWIN32 -D_MSC_VER=1 -DMSDOS_COMPILER=WIN32C     -idirafter D:/Progra~1/GnuWin32/include -idirafter g:/glibc/include     -Wl,-s -Wl,--force-exe-suffix -Wl,--enable-auto-import -Wl,--enable-runtime-pseudo-reloc -Wl,--allow-multiple-definition -Wl,--enable-stdcall-fixup -LD:/Progra~1/GnuWin32/lib    conftest.c  -Wl,-s  -LD:/Progra~1/GnuWin32/lib -lgw32c  -liberty -lintl -liconv -lwsock32 -lole32 -luuid -lmsvcp60   -lcurses >&5
configure: In function `main':
configure:3472: warning: implicit declaration of function `tgetent'
configure:3472: warning: implicit declaration of function `tgetflag'
configure:3472: warning: implicit declaration of function `tgetnum'
configure:3472: warning: implicit declaration of function `tgetstr'
l:\TEMP/ccszaaaa.o(.text+0x25):conftest.c: undefined reference to `tgetent'
l:\TEMP/ccszaaaa.o(.text+0x31):conftest.c: undefined reference to `tgetflag'
l:\TEMP/ccszaaaa.o(.text+0x3d):conftest.c: undefined reference to `tgetnum'
l:\TEMP/ccszaaaa.o(.text+0x51):conftest.c: undefined reference to `tgetstr'
configure:3483: $? = 1
configure: failed program was:
#line 3467 "configure"
#include "confdefs.h"

int
main ()
{
tgetent(0,0); tgetflag(0); tgetnum(0); tgetstr(0,0);
  ;
  return 0;
}
configure:3523: gcc -o conftest.exe  -Wall -O3 -fms-extensions -mms-bitfields -fno-exceptions -fomit-frame-pointer -march=i386 -mcpu=i686 -ffast-math     -D__GW32__ -D_LARGEFILE_SOURCE=1 -D_LARGEFILE64_SOURCE=1 -D_FILE_OFFSET_BITS=64 -DWIN32 -D_MSC_VER=1 -DMSDOS_COMPILER=WIN32C     -idirafter D:/Progra~1/GnuWin32/include -idirafter g:/glibc/include     -Wl,-s -Wl,--force-exe-suffix -Wl,--enable-auto-import -Wl,--enable-runtime-pseudo-reloc -Wl,--allow-multiple-definition -Wl,--enable-stdcall-fixup -LD:/Progra~1/GnuWin32/lib    conftest.c  -Wl,-s  -LD:/Progra~1/GnuWin32/lib -lgw32c  -liberty -lintl -liconv -lwsock32 -lole32 -luuid -lmsvcp60   -lcurses -ltermcap >&5
configure: In function `main':
configure:3515: warning: implicit declaration of function `tgetent'
configure:3515: warning: implicit declaration of function `tgetflag'
configure:3515: warning: implicit declaration of function `tgetnum'
configure:3515: warning: implicit declaration of function `tgetstr'
configure:3526: $? = 0
configure:3529: test -s conftest.exe
configure:3532: $? = 0
configure:3637: result: using -lcurses -ltermcap
configure:3642: checking for ANSI C header files
configure:3656: gcc -E   -D__GW32__ -D_LARGEFILE_SOURCE=1 -D_LARGEFILE64_SOURCE=1 -D_FILE_OFFSET_BITS=64 -DWIN32 -D_MSC_VER=1 -DMSDOS_COMPILER=WIN32C     -idirafter D:/Progra~1/GnuWin32/include -idirafter g:/glibc/include    conftest.c
configure:3662: $? = 0
configure:3749: gcc -o conftest.exe  -Wall -O3 -fms-extensions -mms-bitfields -fno-exceptions -fomit-frame-pointer -march=i386 -mcpu=i686 -ffast-math     -D__GW32__ -D_LARGEFILE_SOURCE=1 -D_LARGEFILE64_SOURCE=1 -D_FILE_OFFSET_BITS=64 -DWIN32 -D_MSC_VER=1 -DMSDOS_COMPILER=WIN32C     -idirafter D:/Progra~1/GnuWin32/include -idirafter g:/glibc/include     -Wl,-s -Wl,--force-exe-suffix -Wl,--enable-auto-import -Wl,--enable-runtime-pseudo-reloc -Wl,--allow-multiple-definition -Wl,--enable-stdcall-fixup -LD:/Progra~1/GnuWin32/lib    conftest.c  -Wl,-s  -LD:/Progra~1/GnuWin32/lib -lgw32c  -liberty -lintl -liconv -lwsock32 -lole32 -luuid -lmsvcp60   -lcurses -ltermcap >&5
configure: In function `main':
configure:3740: warning: implicit declaration of function `exit'
configure:3752: $? = 0
configure:3754: ./conftest.exe
configure:3757: $? = 0
configure:3771: result: yes
configure:3795: checking for sys/types.h
configure:3808: gcc -c  -Wall -O3 -fms-extensions -mms-bitfields -fno-exceptions -fomit-frame-pointer -march=i386 -mcpu=i686 -ffast-math     -D__GW32__ -D_LARGEFILE_SOURCE=1 -D_LARGEFILE64_SOURCE=1 -D_FILE_OFFSET_BITS=64 -DWIN32 -D_MSC_VER=1 -DMSDOS_COMPILER=WIN32C     -idirafter D:/Progra~1/GnuWin32/include -idirafter g:/glibc/include    conftest.c >&5
configure:3811: $? = 0
configure:3814: test -s conftest.o
configure:3817: $? = 0
configure:3827: result: yes
configure:3795: checking for sys/stat.h
configure:3808: gcc -c  -Wall -O3 -fms-extensions -mms-bitfields -fno-exceptions -fomit-frame-pointer -march=i386 -mcpu=i686 -ffast-math     -D__GW32__ -D_LARGEFILE_SOURCE=1 -D_LARGEFILE64_SOURCE=1 -D_FILE_OFFSET_BITS=64 -DWIN32 -D_MSC_VER=1 -DMSDOS_COMPILER=WIN32C     -idirafter D:/Progra~1/GnuWin32/include -idirafter g:/glibc/include    conftest.c >&5
configure:3811: $? = 0
configure:3814: test -s conftest.o
configure:3817: $? = 0
configure:3827: result: yes
configure:3795: checking for stdlib.h
configure:3808: gcc -c  -Wall -O3 -fms-extensions -mms-bitfields -fno-exceptions -fomit-frame-pointer -march=i386 -mcpu=i686 -ffast-math     -D__GW32__ -D_LARGEFILE_SOURCE=1 -D_LARGEFILE64_SOURCE=1 -D_FILE_OFFSET_BITS=64 -DWIN32 -D_MSC_VER=1 -DMSDOS_COMPILER=WIN32C     -idirafter D:/Progra~1/GnuWin32/include -idirafter g:/glibc/include    conftest.c >&5
configure:3811: $? = 0
configure:3814: test -s conftest.o
configure:3817: $? = 0
configure:3827: result: yes
configure:3795: checking for string.h
configure:3808: gcc -c  -Wall -O3 -fms-extensions -mms-bitfields -fno-exceptions -fomit-frame-pointer -march=i386 -mcpu=i686 -ffast-math     -D__GW32__ -D_LARGEFILE_SOURCE=1 -D_LARGEFILE64_SOURCE=1 -D_FILE_OFFSET_BITS=64 -DWIN32 -D_MSC_VER=1 -DMSDOS_COMPILER=WIN32C     -idirafter D:/Progra~1/GnuWin32/include -idirafter g:/glibc/include    conftest.c >&5
configure:3811: $? = 0
configure:3814: test -s conftest.o
configure:3817: $? = 0
configure:3827: result: yes
configure:3795: checking for memory.h
configure:3808: gcc -c  -Wall -O3 -fms-extensions -mms-bitfields -fno-exceptions -fomit-frame-pointer -march=i386 -mcpu=i686 -ffast-math     -D__GW32__ -D_LARGEFILE_SOURCE=1 -D_LARGEFILE64_SOURCE=1 -D_FILE_OFFSET_BITS=64 -DWIN32 -D_MSC_VER=1 -DMSDOS_COMPILER=WIN32C     -idirafter D:/Progra~1/GnuWin32/include -idirafter g:/glibc/include    conftest.c >&5
configure:3811: $? = 0
configure:3814: test -s conftest.o
configure:3817: $? = 0
configure:3827: result: yes
configure:3795: checking for strings.h
configure:3808: gcc -c  -Wall -O3 -fms-extensions -mms-bitfields -fno-exceptions -fomit-frame-pointer -march=i386 -mcpu=i686 -ffast-math     -D__GW32__ -D_LARGEFILE_SOURCE=1 -D_LARGEFILE64_SOURCE=1 -D_FILE_OFFSET_BITS=64 -DWIN32 -D_MSC_VER=1 -DMSDOS_COMPILER=WIN32C     -idirafter D:/Progra~1/GnuWin32/include -idirafter g:/glibc/include    conftest.c >&5
configure:3811: $? = 0
configure:3814: test -s conftest.o
configure:3817: $? = 0
configure:3827: result: yes
configure:3795: checking for inttypes.h
configure:3808: gcc -c  -Wall -O3 -fms-extensions -mms-bitfields -fno-exceptions -fomit-frame-pointer -march=i386 -mcpu=i686 -ffast-math     -D__GW32__ -D_LARGEFILE_SOURCE=1 -D_LARGEFILE64_SOURCE=1 -D_FILE_OFFSET_BITS=64 -DWIN32 -D_MSC_VER=1 -DMSDOS_COMPILER=WIN32C     -idirafter D:/Progra~1/GnuWin32/include -idirafter g:/glibc/include    conftest.c >&5
configure:3811: $? = 0
configure:3814: test -s conftest.o
configure:3817: $? = 0
configure:3827: result: yes
configure:3795: checking for stdint.h
configure:3808: gcc -c  -Wall -O3 -fms-extensions -mms-bitfields -fno-exceptions -fomit-frame-pointer -march=i386 -mcpu=i686 -ffast-math     -D__GW32__ -D_LARGEFILE_SOURCE=1 -D_LARGEFILE64_SOURCE=1 -D_FILE_OFFSET_BITS=64 -DWIN32 -D_MSC_VER=1 -DMSDOS_COMPILER=WIN32C     -idirafter D:/Progra~1/GnuWin32/include -idirafter g:/glibc/include    conftest.c >&5
configure:3811: $? = 0
configure:3814: test -s conftest.o
configure:3817: $? = 0
configure:3827: result: yes
configure:3795: checking for unistd.h
configure:3808: gcc -c  -Wall -O3 -fms-extensions -mms-bitfields -fno-exceptions -fomit-frame-pointer -march=i386 -mcpu=i686 -ffast-math     -D__GW32__ -D_LARGEFILE_SOURCE=1 -D_LARGEFILE64_SOURCE=1 -D_FILE_OFFSET_BITS=64 -DWIN32 -D_MSC_VER=1 -DMSDOS_COMPILER=WIN32C     -idirafter D:/Progra~1/GnuWin32/include -idirafter g:/glibc/include    conftest.c >&5
configure:3811: $? = 0
configure:3814: test -s conftest.o
configure:3817: $? = 0
configure:3827: result: yes
configure:3868: checking ctype.h usability
configure:3877: gcc -c  -Wall -O3 -fms-extensions -mms-bitfields -fno-exceptions -fomit-frame-pointer -march=i386 -mcpu=i686 -ffast-math     -D__GW32__ -D_LARGEFILE_SOURCE=1 -D_LARGEFILE64_SOURCE=1 -D_FILE_OFFSET_BITS=64 -DWIN32 -D_MSC_VER=1 -DMSDOS_COMPILER=WIN32C     -idirafter D:/Progra~1/GnuWin32/include -idirafter g:/glibc/include    conftest.c >&5
configure:3880: $? = 0
configure:3883: test -s conftest.o
configure:3886: $? = 0
configure:3895: result: yes
configure:3899: checking ctype.h presence
configure:3906: gcc -E   -D__GW32__ -D_LARGEFILE_SOURCE=1 -D_LARGEFILE64_SOURCE=1 -D_FILE_OFFSET_BITS=64 -DWIN32 -D_MSC_VER=1 -DMSDOS_COMPILER=WIN32C     -idirafter D:/Progra~1/GnuWin32/include -idirafter g:/glibc/include    conftest.c
configure:3912: $? = 0
configure:3930: result: yes
configure:3948: checking for ctype.h
configure:3955: result: yes
configure:3868: checking errno.h usability
configure:3877: gcc -c  -Wall -O3 -fms-extensions -mms-bitfields -fno-exceptions -fomit-frame-pointer -march=i386 -mcpu=i686 -ffast-math     -D__GW32__ -D_LARGEFILE_SOURCE=1 -D_LARGEFILE64_SOURCE=1 -D_FILE_OFFSET_BITS=64 -DWIN32 -D_MSC_VER=1 -DMSDOS_COMPILER=WIN32C     -idirafter D:/Progra~1/GnuWin32/include -idirafter g:/glibc/include    conftest.c >&5
configure:3880: $? = 0
configure:3883: test -s conftest.o
configure:3886: $? = 0
configure:3895: result: yes
configure:3899: checking errno.h presence
configure:3906: gcc -E   -D__GW32__ -D_LARGEFILE_SOURCE=1 -D_LARGEFILE64_SOURCE=1 -D_FILE_OFFSET_BITS=64 -DWIN32 -D_MSC_VER=1 -DMSDOS_COMPILER=WIN32C     -idirafter D:/Progra~1/GnuWin32/include -idirafter g:/glibc/include    conftest.c
configure:3912: $? = 0
configure:3930: result: yes
configure:3948: checking for errno.h
configure:3955: result: yes
configure:3868: checking fcntl.h usability
configure:3877: gcc -c  -Wall -O3 -fms-extensions -mms-bitfields -fno-exceptions -fomit-frame-pointer -march=i386 -mcpu=i686 -ffast-math     -D__GW32__ -D_LARGEFILE_SOURCE=1 -D_LARGEFILE64_SOURCE=1 -D_FILE_OFFSET_BITS=64 -DWIN32 -D_MSC_VER=1 -DMSDOS_COMPILER=WIN32C     -idirafter D:/Progra~1/GnuWin32/include -idirafter g:/glibc/include    conftest.c >&5
configure:3880: $? = 0
configure:3883: test -s conftest.o
configure:3886: $? = 0
configure:3895: result: yes
configure:3899: checking fcntl.h presence
configure:3906: gcc -E   -D__GW32__ -D_LARGEFILE_SOURCE=1 -D_LARGEFILE64_SOURCE=1 -D_FILE_OFFSET_BITS=64 -DWIN32 -D_MSC_VER=1 -DMSDOS_COMPILER=WIN32C     -idirafter D:/Progra~1/GnuWin32/include -idirafter g:/glibc/include    conftest.c
configure:3912: $? = 0
configure:3930: result: yes
configure:3948: checking for fcntl.h
configure:3955: result: yes
configure:3868: checking limits.h usability
configure:3877: gcc -c  -Wall -O3 -fms-extensions -mms-bitfields -fno-exceptions -fomit-frame-pointer -march=i386 -mcpu=i686 -ffast-math     -D__GW32__ -D_LARGEFILE_SOURCE=1 -D_LARGEFILE64_SOURCE=1 -D_FILE_OFFSET_BITS=64 -DWIN32 -D_MSC_VER=1 -DMSDOS_COMPILER=WIN32C     -idirafter D:/Progra~1/GnuWin32/include -idirafter g:/glibc/include    conftest.c >&5
configure:3880: $? = 0
configure:3883: test -s conftest.o
configure:3886: $? = 0
configure:3895: result: yes
configure:3899: checking limits.h presence
configure:3906: gcc -E   -D__GW32__ -D_LARGEFILE_SOURCE=1 -D_LARGEFILE64_SOURCE=1 -D_FILE_OFFSET_BITS=64 -DWIN32 -D_MSC_VER=1 -DMSDOS_COMPILER=WIN32C     -idirafter D:/Progra~1/GnuWin32/include -idirafter g:/glibc/include    conftest.c
configure:3912: $? = 0
configure:3930: result: yes
configure:3948: checking for limits.h
configure:3955: result: yes
configure:3868: checking stdio.h usability
configure:3877: gcc -c  -Wall -O3 -fms-extensions -mms-bitfields -fno-exceptions -fomit-frame-pointer -march=i386 -mcpu=i686 -ffast-math     -D__GW32__ -D_LARGEFILE_SOURCE=1 -D_LARGEFILE64_SOURCE=1 -D_FILE_OFFSET_BITS=64 -DWIN32 -D_MSC_VER=1 -DMSDOS_COMPILER=WIN32C     -idirafter D:/Progra~1/GnuWin32/include -idirafter g:/glibc/include    conftest.c >&5
configure:3880: $? = 0
configure:3883: test -s conftest.o
configure:3886: $? = 0
configure:3895: result: yes
configure:3899: checking stdio.h presence
configure:3906: gcc -E   -D__GW32__ -D_LARGEFILE_SOURCE=1 -D_LARGEFILE64_SOURCE=1 -D_FILE_OFFSET_BITS=64 -DWIN32 -D_MSC_VER=1 -DMSDOS_COMPILER=WIN32C     -idirafter D:/Progra~1/GnuWin32/include -idirafter g:/glibc/include    conftest.c
configure:3912: $? = 0
configure:3930: result: yes
configure:3948: checking for stdio.h
configure:3955: result: yes
configure:3859: checking for stdlib.h
configure:3864: result: yes
configure:3859: checking for string.h
configure:3864: result: yes
configure:3868: checking termcap.h usability
configure:3877: gcc -c  -Wall -O3 -fms-extensions -mms-bitfields -fno-exceptions -fomit-frame-pointer -march=i386 -mcpu=i686 -ffast-math     -D__GW32__ -D_LARGEFILE_SOURCE=1 -D_LARGEFILE64_SOURCE=1 -D_FILE_OFFSET_BITS=64 -DWIN32 -D_MSC_VER=1 -DMSDOS_COMPILER=WIN32C     -idirafter D:/Progra~1/GnuWin32/include -idirafter g:/glibc/include    conftest.c >&5
configure:3880: $? = 0
configure:3883: test -s conftest.o
configure:3886: $? = 0
configure:3895: result: yes
configure:3899: checking termcap.h presence
configure:3906: gcc -E   -D__GW32__ -D_LARGEFILE_SOURCE=1 -D_LARGEFILE64_SOURCE=1 -D_FILE_OFFSET_BITS=64 -DWIN32 -D_MSC_VER=1 -DMSDOS_COMPILER=WIN32C     -idirafter D:/Progra~1/GnuWin32/include -idirafter g:/glibc/include    conftest.c
configure:3912: $? = 0
configure:3930: result: yes
configure:3948: checking for termcap.h
configure:3955: result: yes
configure:3859: checking for termio.h
configure:3864: result: no
configure:3859: checking for termios.h
configure:3864: result: no
configure:3868: checking time.h usability
configure:3877: gcc -c  -Wall -O3 -fms-extensions -mms-bitfields -fno-exceptions -fomit-frame-pointer -march=i386 -mcpu=i686 -ffast-math     -D__GW32__ -D_LARGEFILE_SOURCE=1 -D_LARGEFILE64_SOURCE=1 -D_FILE_OFFSET_BITS=64 -DWIN32 -D_MSC_VER=1 -DMSDOS_COMPILER=WIN32C     -idirafter D:/Progra~1/GnuWin32/include -idirafter g:/glibc/include    conftest.c >&5
configure:3880: $? = 0
configure:3883: test -s conftest.o
configure:3886: $? = 0
configure:3895: result: yes
configure:3899: checking time.h presence
configure:3906: gcc -E   -D__GW32__ -D_LARGEFILE_SOURCE=1 -D_LARGEFILE64_SOURCE=1 -D_FILE_OFFSET_BITS=64 -DWIN32 -D_MSC_VER=1 -DMSDOS_COMPILER=WIN32C     -idirafter D:/Progra~1/GnuWin32/include -idirafter g:/glibc/include    conftest.c
configure:3912: $? = 0
configure:3930: result: yes
configure:3948: checking for time.h
configure:3955: result: yes
configure:3859: checking for unistd.h
configure:3864: result: yes
configure:3868: checking values.h usability
configure:3877: gcc -c  -Wall -O3 -fms-extensions -mms-bitfields -fno-exceptions -fomit-frame-pointer -march=i386 -mcpu=i686 -ffast-math     -D__GW32__ -D_LARGEFILE_SOURCE=1 -D_LARGEFILE64_SOURCE=1 -D_FILE_OFFSET_BITS=64 -DWIN32 -D_MSC_VER=1 -DMSDOS_COMPILER=WIN32C     -idirafter D:/Progra~1/GnuWin32/include -idirafter g:/glibc/include    conftest.c >&5
configure:3880: $? = 0
configure:3883: test -s conftest.o
configure:3886: $? = 0
configure:3895: result: yes
configure:3899: checking values.h presence
configure:3906: gcc -E   -D__GW32__ -D_LARGEFILE_SOURCE=1 -D_LARGEFILE64_SOURCE=1 -D_FILE_OFFSET_BITS=64 -DWIN32 -D_MSC_VER=1 -DMSDOS_COMPILER=WIN32C     -idirafter D:/Progra~1/GnuWin32/include -idirafter g:/glibc/include    conftest.c
configure:3912: $? = 0
configure:3930: result: yes
configure:3948: checking for values.h
configure:3955: result: yes
configure:3868: checking sys/ioctl.h usability
configure:3877: gcc -c  -Wall -O3 -fms-extensions -mms-bitfields -fno-exceptions -fomit-frame-pointer -march=i386 -mcpu=i686 -ffast-math     -D__GW32__ -D_LARGEFILE_SOURCE=1 -D_LARGEFILE64_SOURCE=1 -D_FILE_OFFSET_BITS=64 -DWIN32 -D_MSC_VER=1 -DMSDOS_COMPILER=WIN32C     -idirafter D:/Progra~1/GnuWin32/include -idirafter g:/glibc/include    conftest.c >&5
configure:3880: $? = 0
configure:3883: test -s conftest.o
configure:3886: $? = 0
configure:3895: result: yes
configure:3899: checking sys/ioctl.h presence
configure:3906: gcc -E   -D__GW32__ -D_LARGEFILE_SOURCE=1 -D_LARGEFILE64_SOURCE=1 -D_FILE_OFFSET_BITS=64 -DWIN32 -D_MSC_VER=1 -DMSDOS_COMPILER=WIN32C     -idirafter D:/Progra~1/GnuWin32/include -idirafter g:/glibc/include    conftest.c
configure:3912: $? = 0
configure:3930: result: yes
configure:3948: checking for sys/ioctl.h
configure:3955: result: yes
configure:3868: checking sys/stream.h usability
configure:3877: gcc -c  -Wall -O3 -fms-extensions -mms-bitfields -fno-exceptions -fomit-frame-pointer -march=i386 -mcpu=i686 -ffast-math     -D__GW32__ -D_LARGEFILE_SOURCE=1 -D_LARGEFILE64_SOURCE=1 -D_FILE_OFFSET_BITS=64 -DWIN32 -D_MSC_VER=1 -DMSDOS_COMPILER=WIN32C     -idirafter D:/Progra~1/GnuWin32/include -idirafter g:/glibc/include    conftest.c >&5
configure:3905:24: sys/stream.h: No such file or directory
configure:3880: $? = 1
configure: failed program was:
#line 3870 "configure"
#include "confdefs.h"
#include <stdio.h>
#if HAVE_SYS_TYPES_H
# include <sys/types.h>
#endif
#if HAVE_SYS_STAT_H
# include <sys/stat.h>
#endif
#if STDC_HEADERS
# include <stdlib.h>
# include <stddef.h>
#else
# if HAVE_STDLIB_H
#  include <stdlib.h>
# endif
#endif
#if HAVE_STRING_H
# if !STDC_HEADERS && HAVE_MEMORY_H
#  include <memory.h>
# endif
# include <string.h>
#endif
#if HAVE_STRINGS_H
# include <strings.h>
#endif
#if HAVE_INTTYPES_H
# include <inttypes.h>
#else
# if HAVE_STDINT_H
#  include <stdint.h>
# endif
#endif
#if HAVE_UNISTD_H
# include <unistd.h>
#endif
#include <sys/stream.h>
configure:3895: result: no
configure:3899: checking sys/stream.h presence
configure:3906: gcc -E   -D__GW32__ -D_LARGEFILE_SOURCE=1 -D_LARGEFILE64_SOURCE=1 -D_FILE_OFFSET_BITS=64 -DWIN32 -D_MSC_VER=1 -DMSDOS_COMPILER=WIN32C     -idirafter D:/Progra~1/GnuWin32/include -idirafter g:/glibc/include    conftest.c
configure:3902:24: sys/stream.h: No such file or directory
configure:3912: $? = 1
configure: failed program was:
#line 3901 "configure"
#include "confdefs.h"
#include <sys/stream.h>
configure:3930: result: no
configure:3948: checking for sys/stream.h
configure:3955: result: no
configure:3868: checking sys/ptem.h usability
configure:3877: gcc -c  -Wall -O3 -fms-extensions -mms-bitfields -fno-exceptions -fomit-frame-pointer -march=i386 -mcpu=i686 -ffast-math     -D__GW32__ -D_LARGEFILE_SOURCE=1 -D_LARGEFILE64_SOURCE=1 -D_FILE_OFFSET_BITS=64 -DWIN32 -D_MSC_VER=1 -DMSDOS_COMPILER=WIN32C     -idirafter D:/Progra~1/GnuWin32/include -idirafter g:/glibc/include    conftest.c >&5
configure:3905:22: sys/ptem.h: No such file or directory
configure:3880: $? = 1
configure: failed program was:
#line 3870 "configure"
#include "confdefs.h"
#include <stdio.h>
#if HAVE_SYS_TYPES_H
# include <sys/types.h>
#endif
#if HAVE_SYS_STAT_H
# include <sys/stat.h>
#endif
#if STDC_HEADERS
# include <stdlib.h>
# include <stddef.h>
#else
# if HAVE_STDLIB_H
#  include <stdlib.h>
# endif
#endif
#if HAVE_STRING_H
# if !STDC_HEADERS && HAVE_MEMORY_H
#  include <memory.h>
# endif
# include <string.h>
#endif
#if HAVE_STRINGS_H
# include <strings.h>
#endif
#if HAVE_INTTYPES_H
# include <inttypes.h>
#else
# if HAVE_STDINT_H
#  include <stdint.h>
# endif
#endif
#if HAVE_UNISTD_H
# include <unistd.h>
#endif
#include <sys/ptem.h>
configure:3895: result: no
configure:3899: checking sys/ptem.h presence
configure:3906: gcc -E   -D__GW32__ -D_LARGEFILE_SOURCE=1 -D_LARGEFILE64_SOURCE=1 -D_FILE_OFFSET_BITS=64 -DWIN32 -D_MSC_VER=1 -DMSDOS_COMPILER=WIN32C     -idirafter D:/Progra~1/GnuWin32/include -idirafter g:/glibc/include    conftest.c
configure:3902:22: sys/ptem.h: No such file or directory
configure:3912: $? = 1
configure: failed program was:
#line 3901 "configure"
#include "confdefs.h"
#include <sys/ptem.h>
configure:3930: result: no
configure:3948: checking for sys/ptem.h
configure:3955: result: no
configure:3970: checking whether stat file-mode macros are broken
configure:4015: result: no
configure:4025: checking for an ANSI C-conforming const
configure:4089: gcc -c  -Wall -O3 -fms-extensions -mms-bitfields -fno-exceptions -fomit-frame-pointer -march=i386 -mcpu=i686 -ffast-math     -D__GW32__ -D_LARGEFILE_SOURCE=1 -D_LARGEFILE64_SOURCE=1 -D_FILE_OFFSET_BITS=64 -DWIN32 -D_MSC_VER=1 -DMSDOS_COMPILER=WIN32C     -idirafter D:/Progra~1/GnuWin32/include -idirafter g:/glibc/include    conftest.c >&5
configure: In function `main':
configure:4058: warning: unused variable `s'
configure:4078: warning: unused variable `foo'
configure:4039: warning: unused variable `x'
configure:4045: warning: unused variable `zero'
configure:4057: warning: `t' might be used uninitialized in this function
configure:4075: warning: `b' might be used uninitialized in this function
configure:4092: $? = 0
configure:4095: test -s conftest.o
configure:4098: $? = 0
configure:4108: result: yes
configure:4118: checking for off_t
configure:4139: gcc -c  -Wall -O3 -fms-extensions -mms-bitfields -fno-exceptions -fomit-frame-pointer -march=i386 -mcpu=i686 -ffast-math     -D__GW32__ -D_LARGEFILE_SOURCE=1 -D_LARGEFILE64_SOURCE=1 -D_FILE_OFFSET_BITS=64 -DWIN32 -D_MSC_VER=1 -DMSDOS_COMPILER=WIN32C     -idirafter D:/Progra~1/GnuWin32/include -idirafter g:/glibc/include    conftest.c >&5
configure:4142: $? = 0
configure:4145: test -s conftest.o
configure:4148: $? = 0
configure:4158: result: yes
configure:4170: checking for size_t
configure:4191: gcc -c  -Wall -O3 -fms-extensions -mms-bitfields -fno-exceptions -fomit-frame-pointer -march=i386 -mcpu=i686 -ffast-math     -D__GW32__ -D_LARGEFILE_SOURCE=1 -D_LARGEFILE64_SOURCE=1 -D_FILE_OFFSET_BITS=64 -DWIN32 -D_MSC_VER=1 -DMSDOS_COMPILER=WIN32C     -idirafter D:/Progra~1/GnuWin32/include -idirafter g:/glibc/include    conftest.c >&5
configure:4194: $? = 0
configure:4197: test -s conftest.o
configure:4200: $? = 0
configure:4210: result: yes
configure:4222: checking whether time.h and sys/time.h may both be included
configure:4244: gcc -c  -Wall -O3 -fms-extensions -mms-bitfields -fno-exceptions -fomit-frame-pointer -march=i386 -mcpu=i686 -ffast-math     -D__GW32__ -D_LARGEFILE_SOURCE=1 -D_LARGEFILE64_SOURCE=1 -D_FILE_OFFSET_BITS=64 -DWIN32 -D_MSC_VER=1 -DMSDOS_COMPILER=WIN32C     -idirafter D:/Progra~1/GnuWin32/include -idirafter g:/glibc/include    conftest.c >&5
configure:4247: $? = 0
configure:4250: test -s conftest.o
configure:4253: $? = 0
configure:4263: result: yes
configure:4325: checking for off_t
configure:4365: result: yes
configure:4377: checking for void
configure:4392: gcc -c  -Wall -O3 -fms-extensions -mms-bitfields -fno-exceptions -fomit-frame-pointer -march=i386 -mcpu=i686 -ffast-math     -D__GW32__ -D_LARGEFILE_SOURCE=1 -D_LARGEFILE64_SOURCE=1 -D_FILE_OFFSET_BITS=64 -DWIN32 -D_MSC_VER=1 -DMSDOS_COMPILER=WIN32C     -idirafter D:/Progra~1/GnuWin32/include -idirafter g:/glibc/include    conftest.c >&5
configure: In function `main':
configure:4384: warning: unused variable `foo'
configure:4395: $? = 0
configure:4398: test -s conftest.o
configure:4401: $? = 0
configure:4403: result: yes
configure:4415: checking for const
configure:4430: gcc -c  -Wall -O3 -fms-extensions -mms-bitfields -fno-exceptions -fomit-frame-pointer -march=i386 -mcpu=i686 -ffast-math     -D__GW32__ -D_LARGEFILE_SOURCE=1 -D_LARGEFILE64_SOURCE=1 -D_FILE_OFFSET_BITS=64 -DWIN32 -D_MSC_VER=1 -DMSDOS_COMPILER=WIN32C     -idirafter D:/Progra~1/GnuWin32/include -idirafter g:/glibc/include    conftest.c >&5
configure: In function `main':
configure:4422: warning: unused variable `foo'
configure:4433: $? = 0
configure:4436: test -s conftest.o
configure:4439: $? = 0
configure:4441: result: yes
configure:4453: checking for time_t
configure:4468: gcc -c  -Wall -O3 -fms-extensions -mms-bitfields -fno-exceptions -fomit-frame-pointer -march=i386 -mcpu=i686 -ffast-math     -D__GW32__ -D_LARGEFILE_SOURCE=1 -D_LARGEFILE64_SOURCE=1 -D_FILE_OFFSET_BITS=64 -DWIN32 -D_MSC_VER=1 -DMSDOS_COMPILER=WIN32C     -idirafter D:/Progra~1/GnuWin32/include -idirafter g:/glibc/include    conftest.c >&5
configure: In function `main':
configure:4460: warning: unused variable `t'
configure:4471: $? = 0
configure:4474: test -s conftest.o
configure:4477: $? = 0
configure:4479: result: yes
configure:4493: checking return type of signal handlers
configure:4521: gcc -c  -Wall -O3 -fms-extensions -mms-bitfields -fno-exceptions -fomit-frame-pointer -march=i386 -mcpu=i686 -ffast-math     -D__GW32__ -D_LARGEFILE_SOURCE=1 -D_LARGEFILE64_SOURCE=1 -D_FILE_OFFSET_BITS=64 -DWIN32 -D_MSC_VER=1 -DMSDOS_COMPILER=WIN32C     -idirafter D:/Progra~1/GnuWin32/include -idirafter g:/glibc/include    conftest.c >&5
configure: In function `main':
configure:4513: warning: unused variable `i'
configure:4524: $? = 0
configure:4527: test -s conftest.o
configure:4530: $? = 0
configure:4540: result: void
configure:4563: checking for fsync
configure:4600: gcc -o conftest.exe  -Wall -O3 -fms-extensions -mms-bitfields -fno-exceptions -fomit-frame-pointer -march=i386 -mcpu=i686 -ffast-math     -D__GW32__ -D_LARGEFILE_SOURCE=1 -D_LARGEFILE64_SOURCE=1 -D_FILE_OFFSET_BITS=64 -DWIN32 -D_MSC_VER=1 -DMSDOS_COMPILER=WIN32C     -idirafter D:/Progra~1/GnuWin32/include -idirafter g:/glibc/include     -Wl,-s -Wl,--force-exe-suffix -Wl,--enable-auto-import -Wl,--enable-runtime-pseudo-reloc -Wl,--allow-multiple-definition -Wl,--enable-stdcall-fixup -LD:/Progra~1/GnuWin32/lib    conftest.c  -Wl,-s  -LD:/Progra~1/GnuWin32/lib -lgw32c  -liberty -lintl -liconv -lwsock32 -lole32 -luuid -lmsvcp60   -lcurses -ltermcap >&5
configure:4603: $? = 0
configure:4606: test -s conftest.exe
configure:4609: $? = 0
configure:4619: result: yes
configure:4563: checking for memcpy
configure:4600: gcc -o conftest.exe  -Wall -O3 -fms-extensions -mms-bitfields -fno-exceptions -fomit-frame-pointer -march=i386 -mcpu=i686 -ffast-math     -D__GW32__ -D_LARGEFILE_SOURCE=1 -D_LARGEFILE64_SOURCE=1 -D_FILE_OFFSET_BITS=64 -DWIN32 -D_MSC_VER=1 -DMSDOS_COMPILER=WIN32C     -idirafter D:/Progra~1/GnuWin32/include -idirafter g:/glibc/include     -Wl,-s -Wl,--force-exe-suffix -Wl,--enable-auto-import -Wl,--enable-runtime-pseudo-reloc -Wl,--allow-multiple-definition -Wl,--enable-stdcall-fixup -LD:/Progra~1/GnuWin32/lib    conftest.c  -Wl,-s  -LD:/Progra~1/GnuWin32/lib -lgw32c  -liberty -lintl -liconv -lwsock32 -lole32 -luuid -lmsvcp60   -lcurses -ltermcap >&5
configure:4578: warning: conflicting types for built-in function `memcpy'
configure:4603: $? = 0
configure:4606: test -s conftest.exe
configure:4609: $? = 0
configure:4619: result: yes
configure:4563: checking for popen
configure:4600: gcc -o conftest.exe  -Wall -O3 -fms-extensions -mms-bitfields -fno-exceptions -fomit-frame-pointer -march=i386 -mcpu=i686 -ffast-math     -D__GW32__ -D_LARGEFILE_SOURCE=1 -D_LARGEFILE64_SOURCE=1 -D_FILE_OFFSET_BITS=64 -DWIN32 -D_MSC_VER=1 -DMSDOS_COMPILER=WIN32C     -idirafter D:/Progra~1/GnuWin32/include -idirafter g:/glibc/include     -Wl,-s -Wl,--force-exe-suffix -Wl,--enable-auto-import -Wl,--enable-runtime-pseudo-reloc -Wl,--allow-multiple-definition -Wl,--enable-stdcall-fixup -LD:/Progra~1/GnuWin32/lib    conftest.c  -Wl,-s  -LD:/Progra~1/GnuWin32/lib -lgw32c  -liberty -lintl -liconv -lwsock32 -lole32 -luuid -lmsvcp60   -lcurses -ltermcap >&5
configure:4603: $? = 0
configure:4606: test -s conftest.exe
configure:4609: $? = 0
configure:4619: result: yes
configure:4563: checking for _setjmp
configure:4600: gcc -o conftest.exe  -Wall -O3 -fms-extensions -mms-bitfields -fno-exceptions -fomit-frame-pointer -march=i386 -mcpu=i686 -ffast-math     -D__GW32__ -D_LARGEFILE_SOURCE=1 -D_LARGEFILE64_SOURCE=1 -D_FILE_OFFSET_BITS=64 -DWIN32 -D_MSC_VER=1 -DMSDOS_COMPILER=WIN32C     -idirafter D:/Progra~1/GnuWin32/include -idirafter g:/glibc/include     -Wl,-s -Wl,--force-exe-suffix -Wl,--enable-auto-import -Wl,--enable-runtime-pseudo-reloc -Wl,--allow-multiple-definition -Wl,--enable-stdcall-fixup -LD:/Progra~1/GnuWin32/lib    conftest.c  -Wl,-s  -LD:/Progra~1/GnuWin32/lib -lgw32c  -liberty -lintl -liconv -lwsock32 -lole32 -luuid -lmsvcp60   -lcurses -ltermcap >&5
configure:4603: $? = 0
configure:4606: test -s conftest.exe
configure:4609: $? = 0
configure:4619: result: yes
configure:4563: checking for sigprocmask
configure:4619: result: no
configure:4563: checking for sigsetmask
configure:4619: result: no
configure:4563: checking for snprintf
configure:4600: gcc -o conftest.exe  -Wall -O3 -fms-extensions -mms-bitfields -fno-exceptions -fomit-frame-pointer -march=i386 -mcpu=i686 -ffast-math     -D__GW32__ -D_LARGEFILE_SOURCE=1 -D_LARGEFILE64_SOURCE=1 -D_FILE_OFFSET_BITS=64 -DWIN32 -D_MSC_VER=1 -DMSDOS_COMPILER=WIN32C     -idirafter D:/Progra~1/GnuWin32/include -idirafter g:/glibc/include     -Wl,-s -Wl,--force-exe-suffix -Wl,--enable-auto-import -Wl,--enable-runtime-pseudo-reloc -Wl,--allow-multiple-definition -Wl,--enable-stdcall-fixup -LD:/Progra~1/GnuWin32/lib    conftest.c  -Wl,-s  -LD:/Progra~1/GnuWin32/lib -lgw32c  -liberty -lintl -liconv -lwsock32 -lole32 -luuid -lmsvcp60   -lcurses -ltermcap >&5
configure:4578: warning: conflicting types for built-in function `snprintf'
configure:4603: $? = 0
configure:4606: test -s conftest.exe
configure:4609: $? = 0
configure:4619: result: yes
configure:4563: checking for stat
configure:4600: gcc -o conftest.exe  -Wall -O3 -fms-extensions -mms-bitfields -fno-exceptions -fomit-frame-pointer -march=i386 -mcpu=i686 -ffast-math     -D__GW32__ -D_LARGEFILE_SOURCE=1 -D_LARGEFILE64_SOURCE=1 -D_FILE_OFFSET_BITS=64 -DWIN32 -D_MSC_VER=1 -DMSDOS_COMPILER=WIN32C     -idirafter D:/Progra~1/GnuWin32/include -idirafter g:/glibc/include     -Wl,-s -Wl,--force-exe-suffix -Wl,--enable-auto-import -Wl,--enable-runtime-pseudo-reloc -Wl,--allow-multiple-definition -Wl,--enable-stdcall-fixup -LD:/Progra~1/GnuWin32/lib    conftest.c  -Wl,-s  -LD:/Progra~1/GnuWin32/lib -lgw32c  -liberty -lintl -liconv -lwsock32 -lole32 -luuid -lmsvcp60   -lcurses -ltermcap >&5
configure:4603: $? = 0
configure:4606: test -s conftest.exe
configure:4609: $? = 0
configure:4619: result: yes
configure:4563: checking for strchr
configure:4600: gcc -o conftest.exe  -Wall -O3 -fms-extensions -mms-bitfields -fno-exceptions -fomit-frame-pointer -march=i386 -mcpu=i686 -ffast-math     -D__GW32__ -D_LARGEFILE_SOURCE=1 -D_LARGEFILE64_SOURCE=1 -D_FILE_OFFSET_BITS=64 -DWIN32 -D_MSC_VER=1 -DMSDOS_COMPILER=WIN32C     -idirafter D:/Progra~1/GnuWin32/include -idirafter g:/glibc/include     -Wl,-s -Wl,--force-exe-suffix -Wl,--enable-auto-import -Wl,--enable-runtime-pseudo-reloc -Wl,--allow-multiple-definition -Wl,--enable-stdcall-fixup -LD:/Progra~1/GnuWin32/lib    conftest.c  -Wl,-s  -LD:/Progra~1/GnuWin32/lib -lgw32c  -liberty -lintl -liconv -lwsock32 -lole32 -luuid -lmsvcp60   -lcurses -ltermcap >&5
configure:4578: warning: conflicting types for built-in function `strchr'
configure:4603: $? = 0
configure:4606: test -s conftest.exe
configure:4609: $? = 0
configure:4619: result: yes
configure:4563: checking for strstr
configure:4600: gcc -o conftest.exe  -Wall -O3 -fms-extensions -mms-bitfields -fno-exceptions -fomit-frame-pointer -march=i386 -mcpu=i686 -ffast-math     -D__GW32__ -D_LARGEFILE_SOURCE=1 -D_LARGEFILE64_SOURCE=1 -D_FILE_OFFSET_BITS=64 -DWIN32 -D_MSC_VER=1 -DMSDOS_COMPILER=WIN32C     -idirafter D:/Progra~1/GnuWin32/include -idirafter g:/glibc/include     -Wl,-s -Wl,--force-exe-suffix -Wl,--enable-auto-import -Wl,--enable-runtime-pseudo-reloc -Wl,--allow-multiple-definition -Wl,--enable-stdcall-fixup -LD:/Progra~1/GnuWin32/lib    conftest.c  -Wl,-s  -LD:/Progra~1/GnuWin32/lib -lgw32c  -liberty -lintl -liconv -lwsock32 -lole32 -luuid -lmsvcp60   -lcurses -ltermcap >&5
configure:4578: warning: conflicting types for built-in function `strstr'
configure:4603: $? = 0
configure:4606: test -s conftest.exe
configure:4609: $? = 0
configure:4619: result: yes
configure:4563: checking for system
configure:4600: gcc -o conftest.exe  -Wall -O3 -fms-extensions -mms-bitfields -fno-exceptions -fomit-frame-pointer -march=i386 -mcpu=i686 -ffast-math     -D__GW32__ -D_LARGEFILE_SOURCE=1 -D_LARGEFILE64_SOURCE=1 -D_FILE_OFFSET_BITS=64 -DWIN32 -D_MSC_VER=1 -DMSDOS_COMPILER=WIN32C     -idirafter D:/Progra~1/GnuWin32/include -idirafter g:/glibc/include     -Wl,-s -Wl,--force-exe-suffix -Wl,--enable-auto-import -Wl,--enable-runtime-pseudo-reloc -Wl,--allow-multiple-definition -Wl,--enable-stdcall-fixup -LD:/Progra~1/GnuWin32/lib    conftest.c  -Wl,-s  -LD:/Progra~1/GnuWin32/lib -lgw32c  -liberty -lintl -liconv -lwsock32 -lole32 -luuid -lmsvcp60   -lcurses -ltermcap >&5
configure:4603: $? = 0
configure:4606: test -s conftest.exe
configure:4609: $? = 0
configure:4619: result: yes
configure:4563: checking for fchmod
configure:4600: gcc -o conftest.exe  -Wall -O3 -fms-extensions -mms-bitfields -fno-exceptions -fomit-frame-pointer -march=i386 -mcpu=i686 -ffast-math     -D__GW32__ -D_LARGEFILE_SOURCE=1 -D_LARGEFILE64_SOURCE=1 -D_FILE_OFFSET_BITS=64 -DWIN32 -D_MSC_VER=1 -DMSDOS_COMPILER=WIN32C     -idirafter D:/Progra~1/GnuWin32/include -idirafter g:/glibc/include     -Wl,-s -Wl,--force-exe-suffix -Wl,--enable-auto-import -Wl,--enable-runtime-pseudo-reloc -Wl,--allow-multiple-definition -Wl,--enable-stdcall-fixup -LD:/Progra~1/GnuWin32/lib    conftest.c  -Wl,-s  -LD:/Progra~1/GnuWin32/lib -lgw32c  -liberty -lintl -liconv -lwsock32 -lole32 -luuid -lmsvcp60   -lcurses -ltermcap >&5
configure:4603: $? = 0
configure:4606: test -s conftest.exe
configure:4609: $? = 0
configure:4619: result: yes
configure:4631: checking for tcgetattr
configure:4668: gcc -o conftest.exe  -Wall -O3 -fms-extensions -mms-bitfields -fno-exceptions -fomit-frame-pointer -march=i386 -mcpu=i686 -ffast-math     -D__GW32__ -D_LARGEFILE_SOURCE=1 -D_LARGEFILE64_SOURCE=1 -D_FILE_OFFSET_BITS=64 -DWIN32 -D_MSC_VER=1 -DMSDOS_COMPILER=WIN32C     -idirafter D:/Progra~1/GnuWin32/include -idirafter g:/glibc/include     -Wl,-s -Wl,--force-exe-suffix -Wl,--enable-auto-import -Wl,--enable-runtime-pseudo-reloc -Wl,--allow-multiple-definition -Wl,--enable-stdcall-fixup -LD:/Progra~1/GnuWin32/lib    conftest.c  -Wl,-s  -LD:/Progra~1/GnuWin32/lib -lgw32c  -liberty -lintl -liconv -lwsock32 -lole32 -luuid -lmsvcp60   -lcurses -ltermcap >&5
configure:4671: $? = 0
configure:4674: test -s conftest.exe
configure:4677: $? = 0
configure:4687: result: yes
configure:4697: checking for fileno
configure:4715: gcc -o conftest.exe  -Wall -O3 -fms-extensions -mms-bitfields -fno-exceptions -fomit-frame-pointer -march=i386 -mcpu=i686 -ffast-math     -D__GW32__ -D_LARGEFILE_SOURCE=1 -D_LARGEFILE64_SOURCE=1 -D_FILE_OFFSET_BITS=64 -DWIN32 -D_MSC_VER=1 -DMSDOS_COMPILER=WIN32C     -idirafter D:/Progra~1/GnuWin32/include -idirafter g:/glibc/include     -Wl,-s -Wl,--force-exe-suffix -Wl,--enable-auto-import -Wl,--enable-runtime-pseudo-reloc -Wl,--allow-multiple-definition -Wl,--enable-stdcall-fixup -LD:/Progra~1/GnuWin32/lib    conftest.c  -Wl,-s  -LD:/Progra~1/GnuWin32/lib -lgw32c  -liberty -lintl -liconv -lwsock32 -lole32 -luuid -lmsvcp60   -lcurses -ltermcap >&5
configure:4718: $? = 0
configure:4721: test -s conftest.exe
configure:4724: $? = 0
configure:4726: result: yes
configure:4739: checking for strerror
configure:4763: gcc -o conftest.exe  -Wall -O3 -fms-extensions -mms-bitfields -fno-exceptions -fomit-frame-pointer -march=i386 -mcpu=i686 -ffast-math     -D__GW32__ -D_LARGEFILE_SOURCE=1 -D_LARGEFILE64_SOURCE=1 -D_FILE_OFFSET_BITS=64 -DWIN32 -D_MSC_VER=1 -DMSDOS_COMPILER=WIN32C     -idirafter D:/Progra~1/GnuWin32/include -idirafter g:/glibc/include     -Wl,-s -Wl,--force-exe-suffix -Wl,--enable-auto-import -Wl,--enable-runtime-pseudo-reloc -Wl,--allow-multiple-definition -Wl,--enable-stdcall-fixup -LD:/Progra~1/GnuWin32/lib    conftest.c  -Wl,-s  -LD:/Progra~1/GnuWin32/lib -lgw32c  -liberty -lintl -liconv -lwsock32 -lole32 -luuid -lmsvcp60   -lcurses -ltermcap >&5
configure:4766: $? = 0
configure:4769: test -s conftest.exe
configure:4772: $? = 0
configure:4774: result: yes
configure:4787: checking for sys_errlist
configure:4802: gcc -o conftest.exe  -Wall -O3 -fms-extensions -mms-bitfields -fno-exceptions -fomit-frame-pointer -march=i386 -mcpu=i686 -ffast-math     -D__GW32__ -D_LARGEFILE_SOURCE=1 -D_LARGEFILE64_SOURCE=1 -D_FILE_OFFSET_BITS=64 -DWIN32 -D_MSC_VER=1 -DMSDOS_COMPILER=WIN32C     -idirafter D:/Progra~1/GnuWin32/include -idirafter g:/glibc/include     -Wl,-s -Wl,--force-exe-suffix -Wl,--enable-auto-import -Wl,--enable-runtime-pseudo-reloc -Wl,--allow-multiple-definition -Wl,--enable-stdcall-fixup -LD:/Progra~1/GnuWin32/lib    conftest.c  -Wl,-s  -LD:/Progra~1/GnuWin32/lib -lgw32c  -liberty -lintl -liconv -lwsock32 -lole32 -luuid -lmsvcp60   -lcurses -ltermcap >&5
l:\TEMP/ccyobaaa.o(.text+0x16):conftest.c: undefined reference to `sys_errlist'
configure:4805: $? = 1
configure: failed program was:
#line 4789 "configure"
#include "confdefs.h"

int
main ()
{
extern char *sys_errlist[]; static char **x; x = sys_errlist;
  ;
  return 0;
}
configure:4821: result: no
configure:4826: checking for sigset_t
configure:4843: gcc -o conftest.exe  -Wall -O3 -fms-extensions -mms-bitfields -fno-exceptions -fomit-frame-pointer -march=i386 -mcpu=i686 -ffast-math     -D__GW32__ -D_LARGEFILE_SOURCE=1 -D_LARGEFILE64_SOURCE=1 -D_FILE_OFFSET_BITS=64 -DWIN32 -D_MSC_VER=1 -DMSDOS_COMPILER=WIN32C     -idirafter D:/Progra~1/GnuWin32/include -idirafter g:/glibc/include     -Wl,-s -Wl,--force-exe-suffix -Wl,--enable-auto-import -Wl,--enable-runtime-pseudo-reloc -Wl,--allow-multiple-definition -Wl,--enable-stdcall-fixup -LD:/Progra~1/GnuWin32/lib    conftest.c  -Wl,-s  -LD:/Progra~1/GnuWin32/lib -lgw32c  -liberty -lintl -liconv -lwsock32 -lole32 -luuid -lmsvcp60   -lcurses -ltermcap >&5
configure:4846: $? = 0
configure:4849: test -s conftest.exe
configure:4852: $? = 0
configure:4854: result: yes
configure:4867: checking for sigemptyset
configure:4884: gcc -o conftest.exe  -Wall -O3 -fms-extensions -mms-bitfields -fno-exceptions -fomit-frame-pointer -march=i386 -mcpu=i686 -ffast-math     -D__GW32__ -D_LARGEFILE_SOURCE=1 -D_LARGEFILE64_SOURCE=1 -D_FILE_OFFSET_BITS=64 -DWIN32 -D_MSC_VER=1 -DMSDOS_COMPILER=WIN32C     -idirafter D:/Progra~1/GnuWin32/include -idirafter g:/glibc/include     -Wl,-s -Wl,--force-exe-suffix -Wl,--enable-auto-import -Wl,--enable-runtime-pseudo-reloc -Wl,--allow-multiple-definition -Wl,--enable-stdcall-fixup -LD:/Progra~1/GnuWin32/lib    conftest.c  -Wl,-s  -LD:/Progra~1/GnuWin32/lib -lgw32c  -liberty -lintl -liconv -lwsock32 -lole32 -luuid -lmsvcp60   -lcurses -ltermcap >&5
configure: In function `main':
configure:4876: warning: implicit declaration of function `sigemptyset'
configure:4887: $? = 0
configure:4890: test -s conftest.exe
configure:4893: $? = 0
configure:4895: result: yes
configure:4909: checking for errno
configure:4927: gcc -o conftest.exe  -Wall -O3 -fms-extensions -mms-bitfields -fno-exceptions -fomit-frame-pointer -march=i386 -mcpu=i686 -ffast-math     -D__GW32__ -D_LARGEFILE_SOURCE=1 -D_LARGEFILE64_SOURCE=1 -D_FILE_OFFSET_BITS=64 -DWIN32 -D_MSC_VER=1 -DMSDOS_COMPILER=WIN32C     -idirafter D:/Progra~1/GnuWin32/include -idirafter g:/glibc/include     -Wl,-s -Wl,--force-exe-suffix -Wl,--enable-auto-import -Wl,--enable-runtime-pseudo-reloc -Wl,--allow-multiple-definition -Wl,--enable-stdcall-fixup -LD:/Progra~1/GnuWin32/lib    conftest.c  -Wl,-s  -LD:/Progra~1/GnuWin32/lib -lgw32c  -liberty -lintl -liconv -lwsock32 -lole32 -luuid -lmsvcp60   -lcurses -ltermcap >&5
configure:4930: $? = 0
configure:4933: test -s conftest.exe
configure:4936: $? = 0
configure:4938: result: yes - in errno.h
configure:4993: checking for locale
configure:5009: gcc -o conftest.exe  -Wall -O3 -fms-extensions -mms-bitfields -fno-exceptions -fomit-frame-pointer -march=i386 -mcpu=i686 -ffast-math     -D__GW32__ -D_LARGEFILE_SOURCE=1 -D_LARGEFILE64_SOURCE=1 -D_FILE_OFFSET_BITS=64 -DWIN32 -D_MSC_VER=1 -DMSDOS_COMPILER=WIN32C     -idirafter D:/Progra~1/GnuWin32/include -idirafter g:/glibc/include     -Wl,-s -Wl,--force-exe-suffix -Wl,--enable-auto-import -Wl,--enable-runtime-pseudo-reloc -Wl,--allow-multiple-definition -Wl,--enable-stdcall-fixup -LD:/Progra~1/GnuWin32/lib    conftest.c  -Wl,-s  -LD:/Progra~1/GnuWin32/lib -lgw32c  -liberty -lintl -liconv -lwsock32 -lole32 -luuid -lmsvcp60   -lcurses -ltermcap >&5
configure:5012: $? = 0
configure:5015: test -s conftest.exe
configure:5018: $? = 0
configure:5020: result: yes
configure:5032: checking for ctype functions
configure:5050: gcc -o conftest.exe  -Wall -O3 -fms-extensions -mms-bitfields -fno-exceptions -fomit-frame-pointer -march=i386 -mcpu=i686 -ffast-math     -D__GW32__ -D_LARGEFILE_SOURCE=1 -D_LARGEFILE64_SOURCE=1 -D_FILE_OFFSET_BITS=64 -DWIN32 -D_MSC_VER=1 -DMSDOS_COMPILER=WIN32C     -idirafter D:/Progra~1/GnuWin32/include -idirafter g:/glibc/include     -Wl,-s -Wl,--force-exe-suffix -Wl,--enable-auto-import -Wl,--enable-runtime-pseudo-reloc -Wl,--allow-multiple-definition -Wl,--enable-stdcall-fixup -LD:/Progra~1/GnuWin32/lib    conftest.c  -Wl,-s  -LD:/Progra~1/GnuWin32/lib -lgw32c  -liberty -lintl -liconv -lwsock32 -lole32 -luuid -lmsvcp60   -lcurses -ltermcap >&5
configure:5053: $? = 0
configure:5056: test -s conftest.exe
configure:5059: $? = 0
configure:5061: result: yes
configure:5076: checking termcap for ospeed
configure:5098: gcc -o conftest.exe  -Wall -O3 -fms-extensions -mms-bitfields -fno-exceptions -fomit-frame-pointer -march=i386 -mcpu=i686 -ffast-math     -D__GW32__ -D_LARGEFILE_SOURCE=1 -D_LARGEFILE64_SOURCE=1 -D_FILE_OFFSET_BITS=64 -DWIN32 -D_MSC_VER=1 -DMSDOS_COMPILER=WIN32C     -idirafter D:/Progra~1/GnuWin32/include -idirafter g:/glibc/include     -Wl,-s -Wl,--force-exe-suffix -Wl,--enable-auto-import -Wl,--enable-runtime-pseudo-reloc -Wl,--allow-multiple-definition -Wl,--enable-stdcall-fixup -LD:/Progra~1/GnuWin32/lib    conftest.c  -Wl,-s  -LD:/Progra~1/GnuWin32/lib -lgw32c  -liberty -lintl -liconv -lwsock32 -lole32 -luuid -lmsvcp60   -lcurses -ltermcap >&5
configure:5101: $? = 0
configure:5104: test -s conftest.exe
configure:5107: $? = 0
configure:5109: result: yes - in termcap.h
configure:5180: checking for regcomp
configure:5291: checking for pcre_compile in -lpcre
configure:5318: gcc -o conftest.exe  -Wall -O3 -fms-extensions -mms-bitfields -fno-exceptions -fomit-frame-pointer -march=i386 -mcpu=i686 -ffast-math     -D__GW32__ -D_LARGEFILE_SOURCE=1 -D_LARGEFILE64_SOURCE=1 -D_FILE_OFFSET_BITS=64 -DWIN32 -D_MSC_VER=1 -DMSDOS_COMPILER=WIN32C     -idirafter D:/Progra~1/GnuWin32/include -idirafter g:/glibc/include     -Wl,-s -Wl,--force-exe-suffix -Wl,--enable-auto-import -Wl,--enable-runtime-pseudo-reloc -Wl,--allow-multiple-definition -Wl,--enable-stdcall-fixup -LD:/Progra~1/GnuWin32/lib    conftest.c -lpcre   -Wl,-s  -LD:/Progra~1/GnuWin32/lib -lgw32c  -liberty -lintl -liconv -lwsock32 -lole32 -luuid -lmsvcp60   -lcurses -ltermcap >&5
configure:5321: $? = 0
configure:5324: test -s conftest.exe
configure:5327: $? = 0
configure:5338: result: yes
configure:5341: result: using pcre
configure:5669: creating ./config.status

## ---------------------- ##
## Running config.status. ##
## ---------------------- ##

This file was extended by less config.status 1, which was
generated by GNU Autoconf 2.54.  Invocation command line was

  CONFIG_FILES    = 
  CONFIG_HEADERS  = 
  CONFIG_LINKS    = 
  CONFIG_COMMANDS = 
  $ ./config.status 

on gamma

config.status:593: creating Makefile
config.status:690: creating defines.h

## ---------------- ##
## Cache variables. ##
## ---------------- ##

ac_cv_c_compiler_gnu=yes
ac_cv_c_const=yes
ac_cv_env_CC_set=
ac_cv_env_CC_value=
ac_cv_env_CFLAGS_set=
ac_cv_env_CFLAGS_value=
ac_cv_env_CPPFLAGS_set=
ac_cv_env_CPPFLAGS_value=
ac_cv_env_CPP_set=
ac_cv_env_CPP_value=
ac_cv_env_LDFLAGS_set=
ac_cv_env_LDFLAGS_value=
ac_cv_env_build_alias_set=
ac_cv_env_build_alias_value=
ac_cv_env_host_alias_set=
ac_cv_env_host_alias_value=
ac_cv_env_target_alias_set=
ac_cv_env_target_alias_value=
ac_cv_exeext=.exe
ac_cv_func__setjmp=yes
ac_cv_func_connect=yes
ac_cv_func_fchdir=no
ac_cv_func_fchmod=yes
ac_cv_func_fork=no
ac_cv_func_fsync=yes
ac_cv_func_ftruncate=yes
ac_cv_func_gethostbyaddr=yes
ac_cv_func_gethostbyname=yes
ac_cv_func_gethostname=yes
ac_cv_func_inet_ntoa=yes
ac_cv_func_memcpy=yes
ac_cv_func_mkstemp=yes
ac_cv_func_popen=yes
ac_cv_func_sigprocmask=no
ac_cv_func_sigsetmask=no
ac_cv_func_snprintf=yes
ac_cv_func_stat=yes
ac_cv_func_strchr=yes
ac_cv_func_strstr=yes
ac_cv_func_system=yes
ac_cv_func_tcgetattr=yes
ac_cv_func_vfork=no
ac_cv_func_working_mktime=yes
ac_cv_header_ctype_h=yes
ac_cv_header_errno_h=yes
ac_cv_header_fcntl_h=yes
ac_cv_header_inttypes_h=yes
ac_cv_header_limits_h=yes
ac_cv_header_memory_h=yes
ac_cv_header_stat_broken=no
ac_cv_header_stdc=yes
ac_cv_header_stdint_h=yes
ac_cv_header_stdio_h=yes
ac_cv_header_stdlib_h=yes
ac_cv_header_string_h=yes
ac_cv_header_strings_h=yes
ac_cv_header_sys_ioctl_h=yes
ac_cv_header_sys_ptem_h=no
ac_cv_header_sys_stat_h=yes
ac_cv_header_sys_stream_h=no
ac_cv_header_sys_types_h=yes
ac_cv_header_termcap_h=yes
ac_cv_header_termio_h=no
ac_cv_header_termios_h=no
ac_cv_header_time=yes
ac_cv_header_time_h=yes
ac_cv_header_unistd_h=yes
ac_cv_header_values_h=yes
ac_cv_lib_PW_regcmp=no
ac_cv_lib_curses_initscr=yes
ac_cv_lib_gen_regcmp=no
ac_cv_lib_intl_regcmp=no
ac_cv_lib_ncurses_initscr=no
ac_cv_lib_ncursesw_initscr=no
ac_cv_lib_pcre_pcre_compile=yes
ac_cv_lib_termcap_tgetent=yes
ac_cv_lib_termlib_tgetent=no
ac_cv_lib_xcurses_initscr=no
ac_cv_objext=o
ac_cv_prog_CPP='gcc -E'
ac_cv_prog_LN_S='cp -fp'
ac_cv_prog_ac_ct_CC=gcc
ac_cv_prog_cc_g=yes
ac_cv_prog_cc_stdc=
ac_cv_prog_egrep='grep -E'
ac_cv_prog_gcc_traditional=no
ac_cv_search_strerror='none required'
ac_cv_sys_file_offset_bits=64
ac_cv_sys_large_files=1
ac_cv_sys_largefile_CC=no
ac_cv_sys_largefile_source=1
ac_cv_type_off_t=yes
ac_cv_type_signal=void
ac_cv_type_size_t=yes
ac_cv_var_tzname=yes
cl_cv_prog_LN='cp -fp'
cl_cv_prog_LN_S='cp -fp'
gl_cv_func_chown_follows_symlink=yes
gl_cv_func_getcwd_null=yes
nls_cv_use_gnu_gettext=yes

## ----------------- ##
## Output variables. ##
## ----------------- ##

CC='gcc'
CFLAGS=' -Wall -O3 -fms-extensions -mms-bitfields -fno-exceptions -fomit-frame-pointer -march=i386 -mcpu=i686 -ffast-math  '
CPP='gcc -E'
CPPFLAGS='  -D__GW32__ -D_LARGEFILE_SOURCE=1 -D_LARGEFILE64_SOURCE=1 -D_FILE_OFFSET_BITS=64 -DWIN32 -D_MSC_VER=1 -DMSDOS_COMPILER=WIN32C     -idirafter D:/Progra~1/GnuWin32/include -idirafter g:/glibc/include   '
DEFS='-DHAVE_CONFIG_H'
ECHO_C=''
ECHO_N='-n'
ECHO_T=''
EGREP='grep -E'
EXEEXT='.exe'
INSTALL_DATA='/bin/install.exe -cp'
INSTALL_PROGRAM='/bin/install.exe -cp'
INSTALL_SCRIPT='${INSTALL}'
LDFLAGS=' -Wl,-s -Wl,--force-exe-suffix -Wl,--enable-auto-import -Wl,--enable-runtime-pseudo-reloc -Wl,--allow-multiple-definition -Wl,--enable-stdcall-fixup -LD:/Progra~1/GnuWin32/lib   '
LIBOBJS=''
LIBS=' -Wl,-s  -LD:/Progra~1/GnuWin32/lib -lgw32c  -liberty -lintl -liconv -lwsock32 -lole32 -luuid -lmsvcp60   -lcurses -ltermcap -lpcre'
LTLIBOBJS=''
OBJEXT='o'
PACKAGE_BUGREPORT=''
PACKAGE_NAME='less'
PACKAGE_STRING='less 1'
PACKAGE_TARNAME='less'
PACKAGE_VERSION='1'
PATH_SEPARATOR=':'
REGEX_O=''
SHELL='/bin/sh'
ac_ct_CC='gcc'
bindir='${exec_prefix}/bin'
build_alias='i386-pc-mingw32'
datadir='${prefix}/share'
exec_prefix='${prefix}'
host_alias='i386-pc-mingw32'
includedir='${prefix}/include'
infodir='${prefix}/info'
libdir='${exec_prefix}/lib'
libexecdir='${exec_prefix}/libexec'
localstatedir='${prefix}/var'
mandir='${prefix}/man'
oldincludedir='/usr/include'
prefix='c:/progra~1/Less'
program_transform_name='s/i386-pc-mingw32//'
sbindir='${exec_prefix}/sbin'
sharedstatedir='${prefix}/com'
sysconfdir='${prefix}/etc'
target_alias='i386-pc-mingw32'

## ----------- ##
## confdefs.h. ##
## ----------- ##

#define EDIT_PGM "ed.exe"
#define HAVE_CONST 1
#define HAVE_CTYPE_H 1
#define HAVE_ERRNO 1
#define HAVE_ERRNO_H 1
#define HAVE_FCHMOD 1
#define HAVE_FCNTL_H 1
#define HAVE_FILENO 1
#define HAVE_FSYNC 1
#define HAVE_INTTYPES_H 1
#define HAVE_LIMITS_H 1
#define HAVE_LOCALE 1
#define HAVE_MEMCPY 1
#define HAVE_MEMORY_H 1
#define HAVE_OSPEED 1
#define HAVE_PCRE 1
#define HAVE_POPEN 1
#define HAVE_SIGEMPTYSET 1
#define HAVE_SIGSET_T 1
#define HAVE_SNPRINTF 1
#define HAVE_STAT 1
#define HAVE_STDINT_H 1
#define HAVE_STDIO_H 1
#define HAVE_STDLIB_H 1
#define HAVE_STDLIB_H 1
#define HAVE_STRCHR 1
#define HAVE_STRERROR 1
#define HAVE_STRINGS_H 1
#define HAVE_STRING_H 1
#define HAVE_STRING_H 1
#define HAVE_STRSTR 1
#define HAVE_SYSTEM 1
#define HAVE_SYS_IOCTL_H 1
#define HAVE_SYS_STAT_H 1
#define HAVE_SYS_TYPES_H 1
#define HAVE_TERMCAP_H 1
#define HAVE_TERMIOS_FUNCS 1
#define HAVE_TIME_H 1
#define HAVE_TIME_T 1
#define HAVE_UNISTD_H 1
#define HAVE_UNISTD_H 1
#define HAVE_UPPER_LOWER 1
#define HAVE_VALUES_H 1
#define HAVE_VOID 1
#define HAVE__SETJMP 1
#define PACKAGE_BUGREPORT ""
#define PACKAGE_NAME "less"
#define PACKAGE_STRING "less 1"
#define PACKAGE_TARNAME "less"
#define PACKAGE_VERSION "1"
#define RETSIGTYPE void
#define SECURE_COMPILE 0
#define STDC_HEADERS 1
#define TIME_WITH_SYS_TIME 1
#define _FILE_OFFSET_BITS 64
#define _LARGE_FILES 1

configure: exit 0
